[debug] [2023-10-11T18:45:58.519Z] ----------------------------------------------------------------------
[debug] [2023-10-11T18:45:58.521Z] Command:       C:\Program Files\nodejs\node.exe C:\Users\Caleb Abbott\AppData\Roaming\npm\node_modules\firebase-tools\lib\bin\firebase.js emulators:start --only functions
[debug] [2023-10-11T18:45:58.521Z] CLI Version:   11.29.1
[debug] [2023-10-11T18:45:58.521Z] Platform:      win32
[debug] [2023-10-11T18:45:58.522Z] Node Version:  v16.16.0
[debug] [2023-10-11T18:45:58.522Z] Time:          Wed Oct 11 2023 14:45:58 GMT-0400 (Eastern Daylight Time)
[debug] [2023-10-11T18:45:58.522Z] ----------------------------------------------------------------------
[debug] 
[debug] [2023-10-11T18:45:58.603Z] > command requires scopes: ["email","openid","https://www.googleapis.com/auth/cloudplatformprojects.readonly","https://www.googleapis.com/auth/firebase","https://www.googleapis.com/auth/cloud-platform"]
[debug] [2023-10-11T18:45:58.604Z] > authorizing via signed-in user (calebhaabbott94@gmail.com)
[info] i  emulators: Starting emulators: functions {"metadata":{"emulator":{"name":"hub"},"message":"Starting emulators: functions"}}
[debug] [2023-10-11T18:45:58.612Z] [logging] Logging Emulator only supports listening on one address (127.0.0.1). Not listening on ::1
[warn] !  ui: Emulator UI unable to start on port 4000, starting on 4001 instead. {"metadata":{"emulator":{"name":"ui"},"message":"Emulator UI unable to start on port 4000, starting on 4001 instead."}}
[debug] [2023-10-11T18:45:58.613Z] assigned listening specs for emulators {"user":{"hub":[{"address":"127.0.0.1","family":"IPv4","port":4400},{"address":"::1","family":"IPv6","port":4400}],"logging":[{"address":"127.0.0.1","family":"IPv4","port":4500}],"ui":[{"address":"127.0.0.1","family":"IPv4","port":4001},{"address":"::1","family":"IPv6","port":4001}]},"metadata":{"message":"assigned listening specs for emulators"}}
[warn] !  emulators: It seems that you are running multiple instances of the emulator suite for project daedalus-ae712. This may result in unexpected behavior. 
[debug] [2023-10-11T18:45:58.621Z] [hub] writing locator at C:\Users\CALEBA~1\AppData\Local\Temp\hub-daedalus-ae712.json
[debug] [2023-10-11T18:45:58.638Z] [functions] Functions Emulator only supports listening on one address (127.0.0.1). Not listening on ::1
[debug] [2023-10-11T18:45:58.638Z] [eventarc] Eventarc Emulator only supports listening on one address (127.0.0.1). Not listening on ::1
[debug] [2023-10-11T18:45:58.638Z] late-assigned ports for functions and eventarc emulators {"user":{"hub":[{"address":"127.0.0.1","family":"IPv4","port":4400},{"address":"::1","family":"IPv6","port":4400}],"logging":[{"address":"127.0.0.1","family":"IPv4","port":4500}],"ui":[{"address":"127.0.0.1","family":"IPv4","port":4001},{"address":"::1","family":"IPv6","port":4001}],"functions":[{"address":"127.0.0.1","family":"IPv4","port":5001}],"eventarc":[{"address":"127.0.0.1","family":"IPv4","port":9299}]},"metadata":{"message":"late-assigned ports for functions and eventarc emulators"}}
[warn] !  functions: The following emulators are not running, calls to these services from the Functions emulator will affect production: auth, firestore, database, hosting, pubsub, storage {"metadata":{"emulator":{"name":"functions"},"message":"The following emulators are not running, calls to these services from the Functions emulator will affect production: \u001b[1mauth, firestore, database, hosting, pubsub, storage\u001b[22m"}}
[debug] [2023-10-11T18:45:58.642Z] defaultcredentials: writing to file C:\Users\Caleb Abbott\AppData\Roaming\firebase\calebhaabbott94_gmail_com_application_default_credentials.json
[debug] [2023-10-11T18:45:58.645Z] Setting GAC to C:\Users\Caleb Abbott\AppData\Roaming\firebase\calebhaabbott94_gmail_com_application_default_credentials.json {"metadata":{"emulator":{"name":"functions"},"message":"Setting GAC to C:\\Users\\Caleb Abbott\\AppData\\Roaming\\firebase\\calebhaabbott94_gmail_com_application_default_credentials.json"}}
[debug] [2023-10-11T18:45:58.648Z] >>> [apiv2][query] GET https://firebase.googleapis.com/v1beta1/projects/daedalus-ae712/adminSdkConfig [none]
[debug] [2023-10-11T18:45:58.926Z] <<< [apiv2][status] GET https://firebase.googleapis.com/v1beta1/projects/daedalus-ae712/adminSdkConfig 200
[debug] [2023-10-11T18:45:58.927Z] <<< [apiv2][body] GET https://firebase.googleapis.com/v1beta1/projects/daedalus-ae712/adminSdkConfig {"projectId":"daedalus-ae712","storageBucket":"daedalus-ae712.appspot.com"}
[debug] [2023-10-11T18:45:58.949Z] Ignoring unsupported arg: auto_download {"metadata":{"emulator":{"name":"ui"},"message":"Ignoring unsupported arg: auto_download"}}
[debug] [2023-10-11T18:45:58.949Z] Ignoring unsupported arg: port {"metadata":{"emulator":{"name":"ui"},"message":"Ignoring unsupported arg: port"}}
[debug] [2023-10-11T18:45:58.949Z] Starting Emulator UI with command {"binary":"node","args":["C:\\Users\\Caleb Abbott\\.cache\\firebase\\emulators\\ui-v1.11.5\\server\\server.js"],"optionalArgs":[],"joinArgs":false} {"metadata":{"emulator":{"name":"ui"},"message":"Starting Emulator UI with command {\"binary\":\"node\",\"args\":[\"C:\\\\Users\\\\Caleb Abbott\\\\.cache\\\\firebase\\\\emulators\\\\ui-v1.11.5\\\\server\\\\server.js\"],\"optionalArgs\":[],\"joinArgs\":false}"}}
[info] i  ui: Emulator UI logging to ui-debug.log {"metadata":{"emulator":{"name":"ui"},"message":"Emulator UI logging to \u001b[1mui-debug.log\u001b[22m"}}
[debug] [2023-10-11T18:45:59.072Z] Web / API server started at 127.0.0.1:4001
 {"metadata":{"emulator":{"name":"ui"},"message":"Web / API server started at 127.0.0.1:4001\n"}}
[debug] [2023-10-11T18:45:59.072Z] Web / API server started at ::1:4001
 {"metadata":{"emulator":{"name":"ui"},"message":"Web / API server started at ::1:4001\n"}}
[info] i  functions: Watching "C:\Web Projects\daedalus\functions" for Cloud Functions... {"metadata":{"emulator":{"name":"functions"},"message":"Watching \"C:\\Web Projects\\daedalus\\functions\" for Cloud Functions..."}}
[debug] [2023-10-11T18:45:59.221Z] Validating nodejs source
[warn] !  functions: package.json indicates an outdated version of firebase-functions. Please upgrade using npm install --save firebase-functions@latest in your functions directory. 
[debug] [2023-10-11T18:46:00.189Z] > [functions] package.json contents: {
  "name": "functions",
  "description": "Cloud Functions for Firebase",
  "scripts": {
    "serve": "firebase emulators:start --only functions",
    "shell": "firebase functions:shell",
    "start": "npm run shell",
    "deploy": "firebase deploy --only functions",
    "logs": "firebase functions:log"
  },
  "engines": {
    "node": "16"
  },
  "main": "index.js",
  "dependencies": {
    "cors": "^2.8.5",
    "firebase-admin": "^11.5.0",
    "firebase-functions": "^4.2.0"
  },
  "devDependencies": {
    "firebase-functions-test": "^3.0.0"
  },
  "private": true
}
[debug] [2023-10-11T18:46:00.189Z] Building nodejs source
[debug] [2023-10-11T18:46:00.190Z] Failed to find version of module node: reached end of search path C:\Web Projects\daedalus\functions\node_modules
[info] +  functions: Using node@16 from host. 
[debug] [2023-10-11T18:46:00.192Z] Could not find functions.yaml. Must use http discovery
[debug] [2023-10-11T18:46:00.196Z] Found firebase-functions binary at 'C:\Web Projects\daedalus\functions\node_modules\.bin\firebase-functions'
[debug] [2023-10-11T18:46:00.352Z] Serving at port 8141

[debug] [2023-10-11T18:46:00.582Z] Got response from /__/functions.yaml {"endpoints":{"createNotificationOnTicketCreation":{"platform":"gcfv1","availableMemoryMb":null,"timeoutSeconds":null,"minInstances":null,"maxInstances":null,"ingressSettings":null,"serviceAccountEmail":null,"vpc":null,"eventTrigger":{"eventType":"providers/cloud.firestore/eventTypes/document.create","eventFilters":{"resource":"projects/daedalus-ae712/databases/(default)/documents/serviceTickets/{ticketId}"},"retry":false},"labels":{},"entryPoint":"createNotificationOnTicketCreation"},"createNotificationOnTicketAssignment":{"platform":"gcfv1","availableMemoryMb":null,"timeoutSeconds":null,"minInstances":null,"maxInstances":null,"ingressSettings":null,"serviceAccountEmail":null,"vpc":null,"eventTrigger":{"eventType":"providers/cloud.firestore/eventTypes/document.update","eventFilters":{"resource":"projects/daedalus-ae712/databases/(default)/documents/serviceTickets/{ticketId}"},"retry":false},"labels":{},"entryPoint":"createNotificationOnTicketAssignment"},"createNotificationOnStatusChange":{"platform":"gcfv1","availableMemoryMb":null,"timeoutSeconds":null,"minInstances":null,"maxInstances":null,"ingressSettings":null,"serviceAccountEmail":null,"vpc":null,"eventTrigger":{"eventType":"providers/cloud.firestore/eventTypes/document.update","eventFilters":{"resource":"projects/daedalus-ae712/databases/(default)/documents/serviceTickets/{ticketId}"},"retry":false},"labels":{},"entryPoint":"createNotificationOnStatusChange"},"api":{"platform":"gcfv1","availableMemoryMb":null,"timeoutSeconds":null,"minInstances":null,"maxInstances":null,"ingressSettings":null,"serviceAccountEmail":null,"vpc":null,"httpsTrigger":{},"entryPoint":"api"}},"specVersion":"v1alpha1","requiredAPIs":[]}
[debug] [2023-10-11T18:46:00.589Z] shutdown requested via /__/quitquitquit

[info] +  functions: Loaded functions definitions from source: createNotificationOnTicketCreation, createNotificationOnTicketAssignment, createNotificationOnStatusChange, api. {"metadata":{"emulator":{"name":"functions"},"message":"Loaded functions definitions from source: createNotificationOnTicketCreation, createNotificationOnTicketAssignment, createNotificationOnStatusChange, api."}}
[info] i  functions[us-central1-createNotificationOnTicketCreation]: function ignored because the firestore emulator does not exist or is not running. {"metadata":{"emulator":{"name":"functions"},"message":"function ignored because the firestore emulator does not exist or is not running."}}
[info] i  functions[us-central1-createNotificationOnTicketAssignment]: function ignored because the firestore emulator does not exist or is not running. {"metadata":{"emulator":{"name":"functions"},"message":"function ignored because the firestore emulator does not exist or is not running."}}
[info] i  functions[us-central1-createNotificationOnStatusChange]: function ignored because the firestore emulator does not exist or is not running. {"metadata":{"emulator":{"name":"functions"},"message":"function ignored because the firestore emulator does not exist or is not running."}}
[info] +  functions[us-central1-api]: http function initialized (http://127.0.0.1:5001/daedalus-ae712/us-central1/api). {"metadata":{"emulator":{"name":"functions"},"message":"\u001b[1mhttp\u001b[22m function initialized (http://127.0.0.1:5001/daedalus-ae712/us-central1/api)."}}
[info] 
┌─────────────────────────────────────────────────────────────┐
│ ✔  All emulators ready! It is now safe to connect your app. │
│ i  View Emulator UI at http://127.0.0.1:4001/               │
└─────────────────────────────────────────────────────────────┘

┌───────────┬────────────────┬─────────────────────────────────┐
│ Emulator  │ Host:Port      │ View in Emulator UI             │
├───────────┼────────────────┼─────────────────────────────────┤
│ Functions │ 127.0.0.1:5001 │ http://127.0.0.1:4001/functions │
└───────────┴────────────────┴─────────────────────────────────┘
  Emulator Hub running at 127.0.0.1:4400
  Other reserved ports: 4500

Issues? Report them at https://github.com/firebase/firebase-tools/issues and attach the *-debug.log files.
 
[debug] [2023-10-11T18:46:13.791Z] Functions emulator received unknown request at path /api/service-tickets/get-service-tickets-created-by
[debug] [2023-10-11T18:46:48.606Z] [work-queue] {"queuedWork":["/daedalus-ae712/us-central1/api/service-tickets/get-service-tickets-created-by-2023-10-11T18:46:48.606Z"],"queueLength":1,"runningWork":[],"workRunningCount":0}
[debug] [2023-10-11T18:46:48.607Z] [work-queue] {"queuedWork":[],"queueLength":0,"runningWork":["/daedalus-ae712/us-central1/api/service-tickets/get-service-tickets-created-by-2023-10-11T18:46:48.606Z"],"workRunningCount":1}
[debug] [2023-10-11T18:46:48.607Z] Accepted request GET /daedalus-ae712/us-central1/api/service-tickets/get-service-tickets-created-by?uid=XUDBso9t8thyBSdjK6bP --> us-central1-api
[debug] [2023-10-11T18:46:48.610Z] [functions] Runtime ready! Sending request! {"metadata":{"emulator":{"name":"functions"},"message":"[functions] Runtime ready! Sending request!"}}
[debug] [2023-10-11T18:46:48.611Z] [functions] Got req.url=/daedalus-ae712/us-central1/api/service-tickets/get-service-tickets-created-by?uid=XUDBso9t8thyBSdjK6bP, mapping to path=/service-tickets/get-service-tickets-created-by?uid=XUDBso9t8thyBSdjK6bP {"metadata":{"emulator":{"name":"functions"},"message":"[functions] Got req.url=/daedalus-ae712/us-central1/api/service-tickets/get-service-tickets-created-by?uid=XUDBso9t8thyBSdjK6bP, mapping to path=/service-tickets/get-service-tickets-created-by?uid=XUDBso9t8thyBSdjK6bP"}}
[debug] [2023-10-11T18:46:48.620Z] [worker-pool] addWorker(us-central1-api) {"metadata":{"emulator":{"name":"functions"},"message":"[worker-pool] addWorker(us-central1-api)"}}
[debug] [2023-10-11T18:46:48.620Z] [worker-pool] Adding worker with key us-central1-api, total=1 {"metadata":{"emulator":{"name":"functions"},"message":"[worker-pool] Adding worker with key us-central1-api, total=1"}}
[debug] [2023-10-11T18:46:49.671Z] [runtime-status] [17256] Resolved module firebase-admin {"declared":true,"installed":true,"version":"11.9.0","resolution":"C:\\Web Projects\\daedalus\\functions\\node_modules\\firebase-admin\\lib\\index.js"} {"metadata":{"emulator":{"name":"functions"},"function":{"name":"us-central1-api"},"extension":{},"message":"[runtime-status] [17256] Resolved module firebase-admin {\"declared\":true,\"installed\":true,\"version\":\"11.9.0\",\"resolution\":\"C:\\\\Web Projects\\\\daedalus\\\\functions\\\\node_modules\\\\firebase-admin\\\\lib\\\\index.js\"}"}}
[debug] [2023-10-11T18:46:49.672Z] [runtime-status] [17256] Resolved module firebase-functions {"declared":true,"installed":true,"version":"4.4.0","resolution":"C:\\Web Projects\\daedalus\\functions\\node_modules\\firebase-functions\\lib\\v1\\index.js"} {"metadata":{"emulator":{"name":"functions"},"function":{"name":"us-central1-api"},"extension":{},"message":"[runtime-status] [17256] Resolved module firebase-functions {\"declared\":true,\"installed\":true,\"version\":\"4.4.0\",\"resolution\":\"C:\\\\Web Projects\\\\daedalus\\\\functions\\\\node_modules\\\\firebase-functions\\\\lib\\\\v1\\\\index.js\"}"}}
[debug] [2023-10-11T18:46:49.672Z] [runtime-status] [17256] Outgoing network have been stubbed. [{"name":"http","status":"mocked"},{"name":"http","status":"mocked"},{"name":"https","status":"mocked"},{"name":"https","status":"mocked"},{"name":"net","status":"mocked"}] {"metadata":{"emulator":{"name":"functions"},"function":{"name":"us-central1-api"},"extension":{},"message":"[runtime-status] [17256] Outgoing network have been stubbed. [{\"name\":\"http\",\"status\":\"mocked\"},{\"name\":\"http\",\"status\":\"mocked\"},{\"name\":\"https\",\"status\":\"mocked\"},{\"name\":\"https\",\"status\":\"mocked\"},{\"name\":\"net\",\"status\":\"mocked\"}]"}}
[debug] [2023-10-11T18:46:49.673Z] [runtime-status] [17256] Resolved module firebase-functions {"declared":true,"installed":true,"version":"4.4.0","resolution":"C:\\Web Projects\\daedalus\\functions\\node_modules\\firebase-functions\\lib\\v1\\index.js"} {"metadata":{"emulator":{"name":"functions"},"function":{"name":"us-central1-api"},"extension":{},"message":"[runtime-status] [17256] Resolved module firebase-functions {\"declared\":true,\"installed\":true,\"version\":\"4.4.0\",\"resolution\":\"C:\\\\Web Projects\\\\daedalus\\\\functions\\\\node_modules\\\\firebase-functions\\\\lib\\\\v1\\\\index.js\"}"}}
[debug] [2023-10-11T18:46:49.883Z] [runtime-status] [17256] Checked functions.config() {"config":{}} {"metadata":{"emulator":{"name":"functions"},"function":{"name":"us-central1-api"},"extension":{},"message":"[runtime-status] [17256] Checked functions.config() {\"config\":{}}"}}
[debug] [2023-10-11T18:46:49.883Z] [runtime-status] [17256] firebase-functions has been stubbed. {"functionsResolution":{"declared":true,"installed":true,"version":"4.4.0","resolution":"C:\\Web Projects\\daedalus\\functions\\node_modules\\firebase-functions\\lib\\v1\\index.js"}} {"metadata":{"emulator":{"name":"functions"},"function":{"name":"us-central1-api"},"extension":{},"message":"[runtime-status] [17256] firebase-functions has been stubbed. {\"functionsResolution\":{\"declared\":true,\"installed\":true,\"version\":\"4.4.0\",\"resolution\":\"C:\\\\Web Projects\\\\daedalus\\\\functions\\\\node_modules\\\\firebase-functions\\\\lib\\\\v1\\\\index.js\"}}"}}
[debug] [2023-10-11T18:46:49.884Z] [runtime-status] [17256] Resolved module firebase-functions {"declared":true,"installed":true,"version":"4.4.0","resolution":"C:\\Web Projects\\daedalus\\functions\\node_modules\\firebase-functions\\lib\\v1\\index.js"} {"metadata":{"emulator":{"name":"functions"},"function":{"name":"us-central1-api"},"extension":{},"message":"[runtime-status] [17256] Resolved module firebase-functions {\"declared\":true,\"installed\":true,\"version\":\"4.4.0\",\"resolution\":\"C:\\\\Web Projects\\\\daedalus\\\\functions\\\\node_modules\\\\firebase-functions\\\\lib\\\\v1\\\\index.js\"}"}}
[debug] [2023-10-11T18:46:49.885Z] [runtime-status] [17256] Resolved module firebase-admin {"declared":true,"installed":true,"version":"11.9.0","resolution":"C:\\Web Projects\\daedalus\\functions\\node_modules\\firebase-admin\\lib\\index.js"} {"metadata":{"emulator":{"name":"functions"},"function":{"name":"us-central1-api"},"extension":{},"message":"[runtime-status] [17256] Resolved module firebase-admin {\"declared\":true,\"installed\":true,\"version\":\"11.9.0\",\"resolution\":\"C:\\\\Web Projects\\\\daedalus\\\\functions\\\\node_modules\\\\firebase-admin\\\\lib\\\\index.js\"}"}}
[debug] [2023-10-11T18:46:49.887Z] [runtime-status] [17256] Resolved module firebase-functions {"declared":true,"installed":true,"version":"4.4.0","resolution":"C:\\Web Projects\\daedalus\\functions\\node_modules\\firebase-functions\\lib\\v1\\index.js"} {"metadata":{"emulator":{"name":"functions"},"function":{"name":"us-central1-api"},"extension":{},"message":"[runtime-status] [17256] Resolved module firebase-functions {\"declared\":true,\"installed\":true,\"version\":\"4.4.0\",\"resolution\":\"C:\\\\Web Projects\\\\daedalus\\\\functions\\\\node_modules\\\\firebase-functions\\\\lib\\\\v1\\\\index.js\"}"}}
[debug] [2023-10-11T18:46:49.888Z] [runtime-status] [17256] firebase-admin has been stubbed. {"adminResolution":{"declared":true,"installed":true,"version":"11.9.0","resolution":"C:\\Web Projects\\daedalus\\functions\\node_modules\\firebase-admin\\lib\\index.js"}} {"metadata":{"emulator":{"name":"functions"},"function":{"name":"us-central1-api"},"extension":{},"message":"[runtime-status] [17256] firebase-admin has been stubbed. {\"adminResolution\":{\"declared\":true,\"installed\":true,\"version\":\"11.9.0\",\"resolution\":\"C:\\\\Web Projects\\\\daedalus\\\\functions\\\\node_modules\\\\firebase-admin\\\\lib\\\\index.js\"}}"}}
[debug] [2023-10-11T18:46:49.963Z] [runtime-status] [17256] initializeApp(DEFAULT) {"storageBucket":"daedalus-ae712.appspot.com","projectId":"daedalus-ae712"} {"metadata":{"emulator":{"name":"functions"},"function":{"name":"us-central1-api"},"extension":{},"message":"[runtime-status] [17256] initializeApp(DEFAULT) {\"storageBucket\":\"daedalus-ae712.appspot.com\",\"projectId\":\"daedalus-ae712\"}"}}
[debug] [2023-10-11T18:46:49.974Z] [runtime-status] [17256] Functions runtime initialized. {"cwd":"C:\\Web Projects\\daedalus\\functions","node_version":"16.16.0"} {"metadata":{"emulator":{"name":"functions"},"function":{"name":"us-central1-api"},"extension":{},"message":"[runtime-status] [17256] Functions runtime initialized. {\"cwd\":\"C:\\\\Web Projects\\\\daedalus\\\\functions\",\"node_version\":\"16.16.0\"}"}}
[debug] [2023-10-11T18:46:49.974Z] [runtime-status] [17256] Listening to port: \\?\pipe\fire_emu_8db158c569e075e8 {"metadata":{"emulator":{"name":"functions"},"function":{"name":"us-central1-api"},"extension":{},"message":"[runtime-status] [17256] Listening to port: \\\\?\\pipe\\fire_emu_8db158c569e075e8"}}
[debug] [2023-10-11T18:46:50.052Z] [worker-us-central1-api-0ac586b9-68e5-40b3-a029-275d574064ea]: IDLE {"metadata":{"emulator":{"name":"functions"},"function":{"name":"us-central1-api"},"extension":{},"message":"[worker-us-central1-api-0ac586b9-68e5-40b3-a029-275d574064ea]: IDLE"}}
[debug] [2023-10-11T18:46:50.053Z] [worker-pool] submitRequest(triggerId=us-central1-api) {"metadata":{"emulator":{"name":"functions"},"message":"[worker-pool] submitRequest(triggerId=us-central1-api)"}}
[info] i  functions: Beginning execution of "us-central1-api" {"metadata":{"emulator":{"name":"functions"},"function":{"name":"us-central1-api"},"extension":{},"message":"Beginning execution of \"us-central1-api\""}}
[debug] [2023-10-11T18:46:50.053Z] [worker-us-central1-api-0ac586b9-68e5-40b3-a029-275d574064ea]: BUSY {"metadata":{"emulator":{"name":"functions"},"function":{"name":"us-central1-api"},"extension":{},"message":"[worker-us-central1-api-0ac586b9-68e5-40b3-a029-275d574064ea]: BUSY"}}
[warn] !  functions: The Cloud Firestore emulator is not running, so calls to Firestore will affect production. {"metadata":{"emulator":{"name":"functions"},"function":{"name":"us-central1-api"},"extension":{},"message":"The Cloud Firestore emulator is not running, so calls to Firestore will affect production."}}
[warn] !  Google API requested!
   - URL: "https://oauth2.googleapis.com/token"
   - Be careful, this may be a production service. {"metadata":{"emulator":{"name":"functions"},"function":{"name":"us-central1-api"},"extension":{},"message":"Google API requested!\n   - URL: \"https://oauth2.googleapis.com/token\"\n   - Be careful, this may be a production service."}}
[info] >  Error retrieving ticket details: Error: 9 FAILED_PRECONDITION: The query requires an index. You can create it here: https://console.firebase.google.com/v1/r/project/daedalus-ae712/firestore/indexes?create_composite=ClVwcm9qZWN0cy9kYWVkYWx1cy1hZTcxMi9kYXRhYmFzZXMvKGRlZmF1bHQpL2NvbGxlY3Rpb25Hcm91cHMvc2VydmljZVRpY2tldHMvaW5kZXhlcy9fEAEaDAoIb3duZXIuaWQQARoNCgljcmVhdGVkQXQQAhoMCghfX25hbWVfXxAC {"user":"Error retrieving ticket details: Error: 9 FAILED_PRECONDITION: The query requires an index. You can create it here: https://console.firebase.google.com/v1/r/project/daedalus-ae712/firestore/indexes?create_composite=ClVwcm9qZWN0cy9kYWVkYWx1cy1hZTcxMi9kYXRhYmFzZXMvKGRlZmF1bHQpL2NvbGxlY3Rpb25Hcm91cHMvc2VydmljZVRpY2tldHMvaW5kZXhlcy9fEAEaDAoIb3duZXIuaWQQARoNCgljcmVhdGVkQXQQAhoMCghfX25hbWVfXxAC","metadata":{"emulator":{"name":"functions"},"function":{"name":"us-central1-api"},"extension":{},"message":"\u001b[90m> \u001b[39m Error retrieving ticket details: Error: 9 FAILED_PRECONDITION: The query requires an index. You can create it here: https://console.firebase.google.com/v1/r/project/daedalus-ae712/firestore/indexes?create_composite=ClVwcm9qZWN0cy9kYWVkYWx1cy1hZTcxMi9kYXRhYmFzZXMvKGRlZmF1bHQpL2NvbGxlY3Rpb25Hcm91cHMvc2VydmljZVRpY2tldHMvaW5kZXhlcy9fEAEaDAoIb3duZXIuaWQQARoNCgljcmVhdGVkQXQQAhoMCghfX25hbWVfXxAC"}}
[info] >      at callErrorFromStatus (C:\Web Projects\daedalus\functions\node_modules\@grpc\grpc-js\build\src\call.js:31:19) {"user":"    at callErrorFromStatus (C:\\Web Projects\\daedalus\\functions\\node_modules\\@grpc\\grpc-js\\build\\src\\call.js:31:19)","metadata":{"emulator":{"name":"functions"},"function":{"name":"us-central1-api"},"extension":{},"message":"\u001b[90m> \u001b[39m     at callErrorFromStatus (C:\\Web Projects\\daedalus\\functions\\node_modules\\@grpc\\grpc-js\\build\\src\\call.js:31:19)"}}
[info] >      at Object.onReceiveStatus (C:\Web Projects\daedalus\functions\node_modules\@grpc\grpc-js\build\src\client.js:357:73) {"user":"    at Object.onReceiveStatus (C:\\Web Projects\\daedalus\\functions\\node_modules\\@grpc\\grpc-js\\build\\src\\client.js:357:73)","metadata":{"emulator":{"name":"functions"},"function":{"name":"us-central1-api"},"extension":{},"message":"\u001b[90m> \u001b[39m     at Object.onReceiveStatus (C:\\Web Projects\\daedalus\\functions\\node_modules\\@grpc\\grpc-js\\build\\src\\client.js:357:73)"}}
[info] >      at Object.onReceiveStatus (C:\Web Projects\daedalus\functions\node_modules\@grpc\grpc-js\build\src\client-interceptors.js:323:181) {"user":"    at Object.onReceiveStatus (C:\\Web Projects\\daedalus\\functions\\node_modules\\@grpc\\grpc-js\\build\\src\\client-interceptors.js:323:181)","metadata":{"emulator":{"name":"functions"},"function":{"name":"us-central1-api"},"extension":{},"message":"\u001b[90m> \u001b[39m     at Object.onReceiveStatus (C:\\Web Projects\\daedalus\\functions\\node_modules\\@grpc\\grpc-js\\build\\src\\client-interceptors.js:323:181)"}}
[info] >      at C:\Web Projects\daedalus\functions\node_modules\@grpc\grpc-js\build\src\resolving-call.js:94:78 {"user":"    at C:\\Web Projects\\daedalus\\functions\\node_modules\\@grpc\\grpc-js\\build\\src\\resolving-call.js:94:78","metadata":{"emulator":{"name":"functions"},"function":{"name":"us-central1-api"},"extension":{},"message":"\u001b[90m> \u001b[39m     at C:\\Web Projects\\daedalus\\functions\\node_modules\\@grpc\\grpc-js\\build\\src\\resolving-call.js:94:78"}}
[info] >      at processTicksAndRejections (node:internal/process/task_queues:78:11) {"user":"    at processTicksAndRejections (node:internal/process/task_queues:78:11)","metadata":{"emulator":{"name":"functions"},"function":{"name":"us-central1-api"},"extension":{},"message":"\u001b[90m> \u001b[39m     at processTicksAndRejections (node:internal/process/task_queues:78:11)"}}
[info] >  for call at {"user":"for call at","metadata":{"emulator":{"name":"functions"},"function":{"name":"us-central1-api"},"extension":{},"message":"\u001b[90m> \u001b[39m for call at"}}
[info] >      at ServiceClientImpl.makeServerStreamRequest (C:\Web Projects\daedalus\functions\node_modules\@grpc\grpc-js\build\src\client.js:340:32) {"user":"    at ServiceClientImpl.makeServerStreamRequest (C:\\Web Projects\\daedalus\\functions\\node_modules\\@grpc\\grpc-js\\build\\src\\client.js:340:32)","metadata":{"emulator":{"name":"functions"},"function":{"name":"us-central1-api"},"extension":{},"message":"\u001b[90m> \u001b[39m     at ServiceClientImpl.makeServerStreamRequest (C:\\Web Projects\\daedalus\\functions\\node_modules\\@grpc\\grpc-js\\build\\src\\client.js:340:32)"}}
[info] >      at ServiceClientImpl.<anonymous> (C:\Web Projects\daedalus\functions\node_modules\@grpc\grpc-js\build\src\make-client.js:105:19) {"user":"    at ServiceClientImpl.<anonymous> (C:\\Web Projects\\daedalus\\functions\\node_modules\\@grpc\\grpc-js\\build\\src\\make-client.js:105:19)","metadata":{"emulator":{"name":"functions"},"function":{"name":"us-central1-api"},"extension":{},"message":"\u001b[90m> \u001b[39m     at ServiceClientImpl.<anonymous> (C:\\Web Projects\\daedalus\\functions\\node_modules\\@grpc\\grpc-js\\build\\src\\make-client.js:105:19)"}}
[info] >      at C:\Web Projects\daedalus\functions\node_modules\@google-cloud\firestore\build\src\v1\firestore_client.js:227:29 {"user":"    at C:\\Web Projects\\daedalus\\functions\\node_modules\\@google-cloud\\firestore\\build\\src\\v1\\firestore_client.js:227:29","metadata":{"emulator":{"name":"functions"},"function":{"name":"us-central1-api"},"extension":{},"message":"\u001b[90m> \u001b[39m     at C:\\Web Projects\\daedalus\\functions\\node_modules\\@google-cloud\\firestore\\build\\src\\v1\\firestore_client.js:227:29"}}
[info] >      at C:\Web Projects\daedalus\functions\node_modules\google-gax\build\src\streamingCalls\streamingApiCaller.js:38:28 {"user":"    at C:\\Web Projects\\daedalus\\functions\\node_modules\\google-gax\\build\\src\\streamingCalls\\streamingApiCaller.js:38:28","metadata":{"emulator":{"name":"functions"},"function":{"name":"us-central1-api"},"extension":{},"message":"\u001b[90m> \u001b[39m     at C:\\Web Projects\\daedalus\\functions\\node_modules\\google-gax\\build\\src\\streamingCalls\\streamingApiCaller.js:38:28"}}
[info] >      at C:\Web Projects\daedalus\functions\node_modules\google-gax\build\src\normalCalls\timeout.js:44:16 {"user":"    at C:\\Web Projects\\daedalus\\functions\\node_modules\\google-gax\\build\\src\\normalCalls\\timeout.js:44:16","metadata":{"emulator":{"name":"functions"},"function":{"name":"us-central1-api"},"extension":{},"message":"\u001b[90m> \u001b[39m     at C:\\Web Projects\\daedalus\\functions\\node_modules\\google-gax\\build\\src\\normalCalls\\timeout.js:44:16"}}
[info] >      at Object.request (C:\Web Projects\daedalus\functions\node_modules\google-gax\build\src\streamingCalls\streaming.js:130:40) {"user":"    at Object.request (C:\\Web Projects\\daedalus\\functions\\node_modules\\google-gax\\build\\src\\streamingCalls\\streaming.js:130:40)","metadata":{"emulator":{"name":"functions"},"function":{"name":"us-central1-api"},"extension":{},"message":"\u001b[90m> \u001b[39m     at Object.request (C:\\Web Projects\\daedalus\\functions\\node_modules\\google-gax\\build\\src\\streamingCalls\\streaming.js:130:40)"}}
[info] >      at makeRequest (C:\Web Projects\daedalus\functions\node_modules\retry-request\index.js:141:28) {"user":"    at makeRequest (C:\\Web Projects\\daedalus\\functions\\node_modules\\retry-request\\index.js:141:28)","metadata":{"emulator":{"name":"functions"},"function":{"name":"us-central1-api"},"extension":{},"message":"\u001b[90m> \u001b[39m     at makeRequest (C:\\Web Projects\\daedalus\\functions\\node_modules\\retry-request\\index.js:141:28)"}}
[info] >      at retryRequest (C:\Web Projects\daedalus\functions\node_modules\retry-request\index.js:109:5) {"user":"    at retryRequest (C:\\Web Projects\\daedalus\\functions\\node_modules\\retry-request\\index.js:109:5)","metadata":{"emulator":{"name":"functions"},"function":{"name":"us-central1-api"},"extension":{},"message":"\u001b[90m> \u001b[39m     at retryRequest (C:\\Web Projects\\daedalus\\functions\\node_modules\\retry-request\\index.js:109:5)"}}
[info] >      at StreamProxy.setStream (C:\Web Projects\daedalus\functions\node_modules\google-gax\build\src\streamingCalls\streaming.js:121:37) {"user":"    at StreamProxy.setStream (C:\\Web Projects\\daedalus\\functions\\node_modules\\google-gax\\build\\src\\streamingCalls\\streaming.js:121:37)","metadata":{"emulator":{"name":"functions"},"function":{"name":"us-central1-api"},"extension":{},"message":"\u001b[90m> \u001b[39m     at StreamProxy.setStream (C:\\Web Projects\\daedalus\\functions\\node_modules\\google-gax\\build\\src\\streamingCalls\\streaming.js:121:37)"}}
[info] >      at StreamingApiCaller.call (C:\Web Projects\daedalus\functions\node_modules\google-gax\build\src\streamingCalls\streamingApiCaller.js:54:16) {"user":"    at StreamingApiCaller.call (C:\\Web Projects\\daedalus\\functions\\node_modules\\google-gax\\build\\src\\streamingCalls\\streamingApiCaller.js:54:16)","metadata":{"emulator":{"name":"functions"},"function":{"name":"us-central1-api"},"extension":{},"message":"\u001b[90m> \u001b[39m     at StreamingApiCaller.call (C:\\Web Projects\\daedalus\\functions\\node_modules\\google-gax\\build\\src\\streamingCalls\\streamingApiCaller.js:54:16)"}}
[info] >      at C:\Web Projects\daedalus\functions\node_modules\google-gax\build\src\createApiCall.js:84:30 {"user":"    at C:\\Web Projects\\daedalus\\functions\\node_modules\\google-gax\\build\\src\\createApiCall.js:84:30","metadata":{"emulator":{"name":"functions"},"function":{"name":"us-central1-api"},"extension":{},"message":"\u001b[90m> \u001b[39m     at C:\\Web Projects\\daedalus\\functions\\node_modules\\google-gax\\build\\src\\createApiCall.js:84:30"}}
[info] >      at processTicksAndRejections (node:internal/process/task_queues:96:5) {"user":"    at processTicksAndRejections (node:internal/process/task_queues:96:5)","metadata":{"emulator":{"name":"functions"},"function":{"name":"us-central1-api"},"extension":{},"message":"\u001b[90m> \u001b[39m     at processTicksAndRejections (node:internal/process/task_queues:96:5)"}}
[info] >  Caused by: Error {"user":"Caused by: Error","metadata":{"emulator":{"name":"functions"},"function":{"name":"us-central1-api"},"extension":{},"message":"\u001b[90m> \u001b[39m Caused by: Error"}}
[info] >      at Query._get (C:\Web Projects\daedalus\functions\node_modules\@google-cloud\firestore\build\src\reference.js:1717:23) {"user":"    at Query._get (C:\\Web Projects\\daedalus\\functions\\node_modules\\@google-cloud\\firestore\\build\\src\\reference.js:1717:23)","metadata":{"emulator":{"name":"functions"},"function":{"name":"us-central1-api"},"extension":{},"message":"\u001b[90m> \u001b[39m     at Query._get (C:\\Web Projects\\daedalus\\functions\\node_modules\\@google-cloud\\firestore\\build\\src\\reference.js:1717:23)"}}
[info] >      at Query.get (C:\Web Projects\daedalus\functions\node_modules\@google-cloud\firestore\build\src\reference.js:1705:21) {"user":"    at Query.get (C:\\Web Projects\\daedalus\\functions\\node_modules\\@google-cloud\\firestore\\build\\src\\reference.js:1705:21)","metadata":{"emulator":{"name":"functions"},"function":{"name":"us-central1-api"},"extension":{},"message":"\u001b[90m> \u001b[39m     at Query.get (C:\\Web Projects\\daedalus\\functions\\node_modules\\@google-cloud\\firestore\\build\\src\\reference.js:1705:21)"}}
[info] >      at C:\Web Projects\daedalus\functions\routes\serviceTicketRoutes.js:117:8 {"user":"    at C:\\Web Projects\\daedalus\\functions\\routes\\serviceTicketRoutes.js:117:8","metadata":{"emulator":{"name":"functions"},"function":{"name":"us-central1-api"},"extension":{},"message":"\u001b[90m> \u001b[39m     at C:\\Web Projects\\daedalus\\functions\\routes\\serviceTicketRoutes.js:117:8"}}
[info] >      at Layer.handle [as handle_request] (C:\Web Projects\daedalus\functions\node_modules\express\lib\router\layer.js:95:5) {"user":"    at Layer.handle [as handle_request] (C:\\Web Projects\\daedalus\\functions\\node_modules\\express\\lib\\router\\layer.js:95:5)","metadata":{"emulator":{"name":"functions"},"function":{"name":"us-central1-api"},"extension":{},"message":"\u001b[90m> \u001b[39m     at Layer.handle [as handle_request] (C:\\Web Projects\\daedalus\\functions\\node_modules\\express\\lib\\router\\layer.js:95:5)"}}
[info] >      at next (C:\Web Projects\daedalus\functions\node_modules\express\lib\router\route.js:144:13) {"user":"    at next (C:\\Web Projects\\daedalus\\functions\\node_modules\\express\\lib\\router\\route.js:144:13)","metadata":{"emulator":{"name":"functions"},"function":{"name":"us-central1-api"},"extension":{},"message":"\u001b[90m> \u001b[39m     at next (C:\\Web Projects\\daedalus\\functions\\node_modules\\express\\lib\\router\\route.js:144:13)"}}
[info] >      at Route.dispatch (C:\Web Projects\daedalus\functions\node_modules\express\lib\router\route.js:114:3) {"user":"    at Route.dispatch (C:\\Web Projects\\daedalus\\functions\\node_modules\\express\\lib\\router\\route.js:114:3)","metadata":{"emulator":{"name":"functions"},"function":{"name":"us-central1-api"},"extension":{},"message":"\u001b[90m> \u001b[39m     at Route.dispatch (C:\\Web Projects\\daedalus\\functions\\node_modules\\express\\lib\\router\\route.js:114:3)"}}
[info] >      at Layer.handle [as handle_request] (C:\Web Projects\daedalus\functions\node_modules\express\lib\router\layer.js:95:5) {"user":"    at Layer.handle [as handle_request] (C:\\Web Projects\\daedalus\\functions\\node_modules\\express\\lib\\router\\layer.js:95:5)","metadata":{"emulator":{"name":"functions"},"function":{"name":"us-central1-api"},"extension":{},"message":"\u001b[90m> \u001b[39m     at Layer.handle [as handle_request] (C:\\Web Projects\\daedalus\\functions\\node_modules\\express\\lib\\router\\layer.js:95:5)"}}
[info] >      at C:\Web Projects\daedalus\functions\node_modules\express\lib\router\index.js:284:15 {"user":"    at C:\\Web Projects\\daedalus\\functions\\node_modules\\express\\lib\\router\\index.js:284:15","metadata":{"emulator":{"name":"functions"},"function":{"name":"us-central1-api"},"extension":{},"message":"\u001b[90m> \u001b[39m     at C:\\Web Projects\\daedalus\\functions\\node_modules\\express\\lib\\router\\index.js:284:15"}}
[info] >      at Function.process_params (C:\Web Projects\daedalus\functions\node_modules\express\lib\router\index.js:346:12) {"user":"    at Function.process_params (C:\\Web Projects\\daedalus\\functions\\node_modules\\express\\lib\\router\\index.js:346:12)","metadata":{"emulator":{"name":"functions"},"function":{"name":"us-central1-api"},"extension":{},"message":"\u001b[90m> \u001b[39m     at Function.process_params (C:\\Web Projects\\daedalus\\functions\\node_modules\\express\\lib\\router\\index.js:346:12)"}}
[info] >      at next (C:\Web Projects\daedalus\functions\node_modules\express\lib\router\index.js:280:10) {"user":"    at next (C:\\Web Projects\\daedalus\\functions\\node_modules\\express\\lib\\router\\index.js:280:10)","metadata":{"emulator":{"name":"functions"},"function":{"name":"us-central1-api"},"extension":{},"message":"\u001b[90m> \u001b[39m     at next (C:\\Web Projects\\daedalus\\functions\\node_modules\\express\\lib\\router\\index.js:280:10)"}}
[info] >      at Function.handle (C:\Web Projects\daedalus\functions\node_modules\express\lib\router\index.js:175:3) {"user":"    at Function.handle (C:\\Web Projects\\daedalus\\functions\\node_modules\\express\\lib\\router\\index.js:175:3)","metadata":{"emulator":{"name":"functions"},"function":{"name":"us-central1-api"},"extension":{},"message":"\u001b[90m> \u001b[39m     at Function.handle (C:\\Web Projects\\daedalus\\functions\\node_modules\\express\\lib\\router\\index.js:175:3)"}}
[info] >      at router (C:\Web Projects\daedalus\functions\node_modules\express\lib\router\index.js:47:12) {"user":"    at router (C:\\Web Projects\\daedalus\\functions\\node_modules\\express\\lib\\router\\index.js:47:12)","metadata":{"emulator":{"name":"functions"},"function":{"name":"us-central1-api"},"extension":{},"message":"\u001b[90m> \u001b[39m     at router (C:\\Web Projects\\daedalus\\functions\\node_modules\\express\\lib\\router\\index.js:47:12)"}}
[info] >      at Layer.handle [as handle_request] (C:\Web Projects\daedalus\functions\node_modules\express\lib\router\layer.js:95:5) {"user":"    at Layer.handle [as handle_request] (C:\\Web Projects\\daedalus\\functions\\node_modules\\express\\lib\\router\\layer.js:95:5)","metadata":{"emulator":{"name":"functions"},"function":{"name":"us-central1-api"},"extension":{},"message":"\u001b[90m> \u001b[39m     at Layer.handle [as handle_request] (C:\\Web Projects\\daedalus\\functions\\node_modules\\express\\lib\\router\\layer.js:95:5)"}}
[info] >      at trim_prefix (C:\Web Projects\daedalus\functions\node_modules\express\lib\router\index.js:328:13) {"user":"    at trim_prefix (C:\\Web Projects\\daedalus\\functions\\node_modules\\express\\lib\\router\\index.js:328:13)","metadata":{"emulator":{"name":"functions"},"function":{"name":"us-central1-api"},"extension":{},"message":"\u001b[90m> \u001b[39m     at trim_prefix (C:\\Web Projects\\daedalus\\functions\\node_modules\\express\\lib\\router\\index.js:328:13)"}}
[info] >      at C:\Web Projects\daedalus\functions\node_modules\express\lib\router\index.js:286:9 {"user":"    at C:\\Web Projects\\daedalus\\functions\\node_modules\\express\\lib\\router\\index.js:286:9","metadata":{"emulator":{"name":"functions"},"function":{"name":"us-central1-api"},"extension":{},"message":"\u001b[90m> \u001b[39m     at C:\\Web Projects\\daedalus\\functions\\node_modules\\express\\lib\\router\\index.js:286:9"}}
[info] >      at Function.process_params (C:\Web Projects\daedalus\functions\node_modules\express\lib\router\index.js:346:12) { {"user":"    at Function.process_params (C:\\Web Projects\\daedalus\\functions\\node_modules\\express\\lib\\router\\index.js:346:12) {","metadata":{"emulator":{"name":"functions"},"function":{"name":"us-central1-api"},"extension":{},"message":"\u001b[90m> \u001b[39m     at Function.process_params (C:\\Web Projects\\daedalus\\functions\\node_modules\\express\\lib\\router\\index.js:346:12) {"}}
[info] >    code: 9, {"user":"  code: 9,","metadata":{"emulator":{"name":"functions"},"function":{"name":"us-central1-api"},"extension":{},"message":"\u001b[90m> \u001b[39m   code: 9,"}}
[info] >    details: 'The query requires an index. You can create it here: https://console.firebase.google.com/v1/r/project/daedalus-ae712/firestore/indexes?create_composite=ClVwcm9qZWN0cy9kYWVkYWx1cy1hZTcxMi9kYXRhYmFzZXMvKGRlZmF1bHQpL2NvbGxlY3Rpb25Hcm91cHMvc2VydmljZVRpY2tldHMvaW5kZXhlcy9fEAEaDAoIb3duZXIuaWQQARoNCgljcmVhdGVkQXQQAhoMCghfX25hbWVfXxAC', {"user":"  details: 'The query requires an index. You can create it here: https://console.firebase.google.com/v1/r/project/daedalus-ae712/firestore/indexes?create_composite=ClVwcm9qZWN0cy9kYWVkYWx1cy1hZTcxMi9kYXRhYmFzZXMvKGRlZmF1bHQpL2NvbGxlY3Rpb25Hcm91cHMvc2VydmljZVRpY2tldHMvaW5kZXhlcy9fEAEaDAoIb3duZXIuaWQQARoNCgljcmVhdGVkQXQQAhoMCghfX25hbWVfXxAC',","metadata":{"emulator":{"name":"functions"},"function":{"name":"us-central1-api"},"extension":{},"message":"\u001b[90m> \u001b[39m   details: 'The query requires an index. You can create it here: https://console.firebase.google.com/v1/r/project/daedalus-ae712/firestore/indexes?create_composite=ClVwcm9qZWN0cy9kYWVkYWx1cy1hZTcxMi9kYXRhYmFzZXMvKGRlZmF1bHQpL2NvbGxlY3Rpb25Hcm91cHMvc2VydmljZVRpY2tldHMvaW5kZXhlcy9fEAEaDAoIb3duZXIuaWQQARoNCgljcmVhdGVkQXQQAhoMCghfX25hbWVfXxAC',"}}
[info] >    metadata: Metadata { internalRepr: Map(0) {}, options: {} } {"user":"  metadata: Metadata { internalRepr: Map(0) {}, options: {} }","metadata":{"emulator":{"name":"functions"},"function":{"name":"us-central1-api"},"extension":{},"message":"\u001b[90m> \u001b[39m   metadata: Metadata { internalRepr: Map(0) {}, options: {} }"}}
[info] >  } {"user":"}","metadata":{"emulator":{"name":"functions"},"function":{"name":"us-central1-api"},"extension":{},"message":"\u001b[90m> \u001b[39m }"}}
[info] i  functions: Finished "us-central1-api" in 958.1978ms {"metadata":{"emulator":{"name":"functions"},"function":{"name":"us-central1-api"},"extension":{},"message":"Finished \"us-central1-api\" in 958.1978ms"}}
[debug] [2023-10-11T18:46:51.012Z] [worker-us-central1-api-0ac586b9-68e5-40b3-a029-275d574064ea]: IDLE {"metadata":{"emulator":{"name":"functions"},"function":{"name":"us-central1-api"},"extension":{},"message":"[worker-us-central1-api-0ac586b9-68e5-40b3-a029-275d574064ea]: IDLE"}}
[debug] [2023-10-11T18:46:51.012Z] [work-queue] {"queuedWork":[],"queueLength":0,"runningWork":[],"workRunningCount":0}
[debug] [2023-10-11T18:47:35.731Z] [work-queue] {"queuedWork":["/daedalus-ae712/us-central1/api/service-tickets/get-service-tickets-assigned-to-2023-10-11T18:47:35.731Z"],"queueLength":1,"runningWork":[],"workRunningCount":0}
[debug] [2023-10-11T18:47:35.731Z] [work-queue] {"queuedWork":[],"queueLength":0,"runningWork":["/daedalus-ae712/us-central1/api/service-tickets/get-service-tickets-assigned-to-2023-10-11T18:47:35.731Z"],"workRunningCount":1}
[debug] [2023-10-11T18:47:35.732Z] Accepted request GET /daedalus-ae712/us-central1/api/service-tickets/get-service-tickets-assigned-to?uid=iXN1OiDIQ8iTU8x4VyA2 --> us-central1-api
[debug] [2023-10-11T18:47:35.734Z] [functions] Runtime ready! Sending request! {"metadata":{"emulator":{"name":"functions"},"message":"[functions] Runtime ready! Sending request!"}}
[debug] [2023-10-11T18:47:35.734Z] [functions] Got req.url=/daedalus-ae712/us-central1/api/service-tickets/get-service-tickets-assigned-to?uid=iXN1OiDIQ8iTU8x4VyA2, mapping to path=/service-tickets/get-service-tickets-assigned-to?uid=iXN1OiDIQ8iTU8x4VyA2 {"metadata":{"emulator":{"name":"functions"},"message":"[functions] Got req.url=/daedalus-ae712/us-central1/api/service-tickets/get-service-tickets-assigned-to?uid=iXN1OiDIQ8iTU8x4VyA2, mapping to path=/service-tickets/get-service-tickets-assigned-to?uid=iXN1OiDIQ8iTU8x4VyA2"}}
[debug] [2023-10-11T18:47:35.734Z] [worker-pool] submitRequest(triggerId=us-central1-api) {"metadata":{"emulator":{"name":"functions"},"message":"[worker-pool] submitRequest(triggerId=us-central1-api)"}}
[info] i  functions: Beginning execution of "us-central1-api" {"metadata":{"emulator":{"name":"functions"},"function":{"name":"us-central1-api"},"extension":{},"message":"Beginning execution of \"us-central1-api\""}}
[debug] [2023-10-11T18:47:35.734Z] [worker-us-central1-api-0ac586b9-68e5-40b3-a029-275d574064ea]: BUSY {"metadata":{"emulator":{"name":"functions"},"function":{"name":"us-central1-api"},"extension":{},"message":"[worker-us-central1-api-0ac586b9-68e5-40b3-a029-275d574064ea]: BUSY"}}
[info] >  Error retrieving ticket details: Error: 9 FAILED_PRECONDITION: The query requires an index. You can create it here: https://console.firebase.google.com/v1/r/project/daedalus-ae712/firestore/indexes?create_composite=ClVwcm9qZWN0cy9kYWVkYWx1cy1hZTcxMi9kYXRhYmFzZXMvKGRlZmF1bHQpL2NvbGxlY3Rpb25Hcm91cHMvc2VydmljZVRpY2tldHMvaW5kZXhlcy9fEAEaFgoSc2VydmljZVByb3ZpZGVyLmlkEAEaDQoJY3JlYXRlZEF0EAIaDAoIX19uYW1lX18QAg {"user":"Error retrieving ticket details: Error: 9 FAILED_PRECONDITION: The query requires an index. You can create it here: https://console.firebase.google.com/v1/r/project/daedalus-ae712/firestore/indexes?create_composite=ClVwcm9qZWN0cy9kYWVkYWx1cy1hZTcxMi9kYXRhYmFzZXMvKGRlZmF1bHQpL2NvbGxlY3Rpb25Hcm91cHMvc2VydmljZVRpY2tldHMvaW5kZXhlcy9fEAEaFgoSc2VydmljZVByb3ZpZGVyLmlkEAEaDQoJY3JlYXRlZEF0EAIaDAoIX19uYW1lX18QAg","metadata":{"emulator":{"name":"functions"},"function":{"name":"us-central1-api"},"extension":{},"message":"\u001b[90m> \u001b[39m Error retrieving ticket details: Error: 9 FAILED_PRECONDITION: The query requires an index. You can create it here: https://console.firebase.google.com/v1/r/project/daedalus-ae712/firestore/indexes?create_composite=ClVwcm9qZWN0cy9kYWVkYWx1cy1hZTcxMi9kYXRhYmFzZXMvKGRlZmF1bHQpL2NvbGxlY3Rpb25Hcm91cHMvc2VydmljZVRpY2tldHMvaW5kZXhlcy9fEAEaFgoSc2VydmljZVByb3ZpZGVyLmlkEAEaDQoJY3JlYXRlZEF0EAIaDAoIX19uYW1lX18QAg"}}
[info] >      at callErrorFromStatus (C:\Web Projects\daedalus\functions\node_modules\@grpc\grpc-js\build\src\call.js:31:19) {"user":"    at callErrorFromStatus (C:\\Web Projects\\daedalus\\functions\\node_modules\\@grpc\\grpc-js\\build\\src\\call.js:31:19)","metadata":{"emulator":{"name":"functions"},"function":{"name":"us-central1-api"},"extension":{},"message":"\u001b[90m> \u001b[39m     at callErrorFromStatus (C:\\Web Projects\\daedalus\\functions\\node_modules\\@grpc\\grpc-js\\build\\src\\call.js:31:19)"}}
[info] >      at Object.onReceiveStatus (C:\Web Projects\daedalus\functions\node_modules\@grpc\grpc-js\build\src\client.js:357:73) {"user":"    at Object.onReceiveStatus (C:\\Web Projects\\daedalus\\functions\\node_modules\\@grpc\\grpc-js\\build\\src\\client.js:357:73)","metadata":{"emulator":{"name":"functions"},"function":{"name":"us-central1-api"},"extension":{},"message":"\u001b[90m> \u001b[39m     at Object.onReceiveStatus (C:\\Web Projects\\daedalus\\functions\\node_modules\\@grpc\\grpc-js\\build\\src\\client.js:357:73)"}}
[info] >      at Object.onReceiveStatus (C:\Web Projects\daedalus\functions\node_modules\@grpc\grpc-js\build\src\client-interceptors.js:323:181) {"user":"    at Object.onReceiveStatus (C:\\Web Projects\\daedalus\\functions\\node_modules\\@grpc\\grpc-js\\build\\src\\client-interceptors.js:323:181)","metadata":{"emulator":{"name":"functions"},"function":{"name":"us-central1-api"},"extension":{},"message":"\u001b[90m> \u001b[39m     at Object.onReceiveStatus (C:\\Web Projects\\daedalus\\functions\\node_modules\\@grpc\\grpc-js\\build\\src\\client-interceptors.js:323:181)"}}
[info] >      at C:\Web Projects\daedalus\functions\node_modules\@grpc\grpc-js\build\src\resolving-call.js:94:78 {"user":"    at C:\\Web Projects\\daedalus\\functions\\node_modules\\@grpc\\grpc-js\\build\\src\\resolving-call.js:94:78","metadata":{"emulator":{"name":"functions"},"function":{"name":"us-central1-api"},"extension":{},"message":"\u001b[90m> \u001b[39m     at C:\\Web Projects\\daedalus\\functions\\node_modules\\@grpc\\grpc-js\\build\\src\\resolving-call.js:94:78"}}
[info] >      at processTicksAndRejections (node:internal/process/task_queues:78:11) {"user":"    at processTicksAndRejections (node:internal/process/task_queues:78:11)","metadata":{"emulator":{"name":"functions"},"function":{"name":"us-central1-api"},"extension":{},"message":"\u001b[90m> \u001b[39m     at processTicksAndRejections (node:internal/process/task_queues:78:11)"}}
[info] >  for call at {"user":"for call at","metadata":{"emulator":{"name":"functions"},"function":{"name":"us-central1-api"},"extension":{},"message":"\u001b[90m> \u001b[39m for call at"}}
[info] >      at ServiceClientImpl.makeServerStreamRequest (C:\Web Projects\daedalus\functions\node_modules\@grpc\grpc-js\build\src\client.js:340:32) {"user":"    at ServiceClientImpl.makeServerStreamRequest (C:\\Web Projects\\daedalus\\functions\\node_modules\\@grpc\\grpc-js\\build\\src\\client.js:340:32)","metadata":{"emulator":{"name":"functions"},"function":{"name":"us-central1-api"},"extension":{},"message":"\u001b[90m> \u001b[39m     at ServiceClientImpl.makeServerStreamRequest (C:\\Web Projects\\daedalus\\functions\\node_modules\\@grpc\\grpc-js\\build\\src\\client.js:340:32)"}}
[info] >      at ServiceClientImpl.<anonymous> (C:\Web Projects\daedalus\functions\node_modules\@grpc\grpc-js\build\src\make-client.js:105:19) {"user":"    at ServiceClientImpl.<anonymous> (C:\\Web Projects\\daedalus\\functions\\node_modules\\@grpc\\grpc-js\\build\\src\\make-client.js:105:19)","metadata":{"emulator":{"name":"functions"},"function":{"name":"us-central1-api"},"extension":{},"message":"\u001b[90m> \u001b[39m     at ServiceClientImpl.<anonymous> (C:\\Web Projects\\daedalus\\functions\\node_modules\\@grpc\\grpc-js\\build\\src\\make-client.js:105:19)"}}
[info] >      at C:\Web Projects\daedalus\functions\node_modules\@google-cloud\firestore\build\src\v1\firestore_client.js:227:29 {"user":"    at C:\\Web Projects\\daedalus\\functions\\node_modules\\@google-cloud\\firestore\\build\\src\\v1\\firestore_client.js:227:29","metadata":{"emulator":{"name":"functions"},"function":{"name":"us-central1-api"},"extension":{},"message":"\u001b[90m> \u001b[39m     at C:\\Web Projects\\daedalus\\functions\\node_modules\\@google-cloud\\firestore\\build\\src\\v1\\firestore_client.js:227:29"}}
[info] >      at C:\Web Projects\daedalus\functions\node_modules\google-gax\build\src\streamingCalls\streamingApiCaller.js:38:28 {"user":"    at C:\\Web Projects\\daedalus\\functions\\node_modules\\google-gax\\build\\src\\streamingCalls\\streamingApiCaller.js:38:28","metadata":{"emulator":{"name":"functions"},"function":{"name":"us-central1-api"},"extension":{},"message":"\u001b[90m> \u001b[39m     at C:\\Web Projects\\daedalus\\functions\\node_modules\\google-gax\\build\\src\\streamingCalls\\streamingApiCaller.js:38:28"}}
[info] >      at C:\Web Projects\daedalus\functions\node_modules\google-gax\build\src\normalCalls\timeout.js:44:16 {"user":"    at C:\\Web Projects\\daedalus\\functions\\node_modules\\google-gax\\build\\src\\normalCalls\\timeout.js:44:16","metadata":{"emulator":{"name":"functions"},"function":{"name":"us-central1-api"},"extension":{},"message":"\u001b[90m> \u001b[39m     at C:\\Web Projects\\daedalus\\functions\\node_modules\\google-gax\\build\\src\\normalCalls\\timeout.js:44:16"}}
[info] >      at Object.request (C:\Web Projects\daedalus\functions\node_modules\google-gax\build\src\streamingCalls\streaming.js:130:40) {"user":"    at Object.request (C:\\Web Projects\\daedalus\\functions\\node_modules\\google-gax\\build\\src\\streamingCalls\\streaming.js:130:40)","metadata":{"emulator":{"name":"functions"},"function":{"name":"us-central1-api"},"extension":{},"message":"\u001b[90m> \u001b[39m     at Object.request (C:\\Web Projects\\daedalus\\functions\\node_modules\\google-gax\\build\\src\\streamingCalls\\streaming.js:130:40)"}}
[info] >      at makeRequest (C:\Web Projects\daedalus\functions\node_modules\retry-request\index.js:141:28) {"user":"    at makeRequest (C:\\Web Projects\\daedalus\\functions\\node_modules\\retry-request\\index.js:141:28)","metadata":{"emulator":{"name":"functions"},"function":{"name":"us-central1-api"},"extension":{},"message":"\u001b[90m> \u001b[39m     at makeRequest (C:\\Web Projects\\daedalus\\functions\\node_modules\\retry-request\\index.js:141:28)"}}
[info] >      at retryRequest (C:\Web Projects\daedalus\functions\node_modules\retry-request\index.js:109:5) {"user":"    at retryRequest (C:\\Web Projects\\daedalus\\functions\\node_modules\\retry-request\\index.js:109:5)","metadata":{"emulator":{"name":"functions"},"function":{"name":"us-central1-api"},"extension":{},"message":"\u001b[90m> \u001b[39m     at retryRequest (C:\\Web Projects\\daedalus\\functions\\node_modules\\retry-request\\index.js:109:5)"}}
[info] >      at StreamProxy.setStream (C:\Web Projects\daedalus\functions\node_modules\google-gax\build\src\streamingCalls\streaming.js:121:37) {"user":"    at StreamProxy.setStream (C:\\Web Projects\\daedalus\\functions\\node_modules\\google-gax\\build\\src\\streamingCalls\\streaming.js:121:37)","metadata":{"emulator":{"name":"functions"},"function":{"name":"us-central1-api"},"extension":{},"message":"\u001b[90m> \u001b[39m     at StreamProxy.setStream (C:\\Web Projects\\daedalus\\functions\\node_modules\\google-gax\\build\\src\\streamingCalls\\streaming.js:121:37)"}}
[info] >      at StreamingApiCaller.call (C:\Web Projects\daedalus\functions\node_modules\google-gax\build\src\streamingCalls\streamingApiCaller.js:54:16) {"user":"    at StreamingApiCaller.call (C:\\Web Projects\\daedalus\\functions\\node_modules\\google-gax\\build\\src\\streamingCalls\\streamingApiCaller.js:54:16)","metadata":{"emulator":{"name":"functions"},"function":{"name":"us-central1-api"},"extension":{},"message":"\u001b[90m> \u001b[39m     at StreamingApiCaller.call (C:\\Web Projects\\daedalus\\functions\\node_modules\\google-gax\\build\\src\\streamingCalls\\streamingApiCaller.js:54:16)"}}
[info] >      at C:\Web Projects\daedalus\functions\node_modules\google-gax\build\src\createApiCall.js:84:30 {"user":"    at C:\\Web Projects\\daedalus\\functions\\node_modules\\google-gax\\build\\src\\createApiCall.js:84:30","metadata":{"emulator":{"name":"functions"},"function":{"name":"us-central1-api"},"extension":{},"message":"\u001b[90m> \u001b[39m     at C:\\Web Projects\\daedalus\\functions\\node_modules\\google-gax\\build\\src\\createApiCall.js:84:30"}}
[info] >  Caused by: Error {"user":"Caused by: Error","metadata":{"emulator":{"name":"functions"},"function":{"name":"us-central1-api"},"extension":{},"message":"\u001b[90m> \u001b[39m Caused by: Error"}}
[info] >      at Query._get (C:\Web Projects\daedalus\functions\node_modules\@google-cloud\firestore\build\src\reference.js:1717:23) {"user":"    at Query._get (C:\\Web Projects\\daedalus\\functions\\node_modules\\@google-cloud\\firestore\\build\\src\\reference.js:1717:23)","metadata":{"emulator":{"name":"functions"},"function":{"name":"us-central1-api"},"extension":{},"message":"\u001b[90m> \u001b[39m     at Query._get (C:\\Web Projects\\daedalus\\functions\\node_modules\\@google-cloud\\firestore\\build\\src\\reference.js:1717:23)"}}
[info] >      at Query.get (C:\Web Projects\daedalus\functions\node_modules\@google-cloud\firestore\build\src\reference.js:1705:21) {"user":"    at Query.get (C:\\Web Projects\\daedalus\\functions\\node_modules\\@google-cloud\\firestore\\build\\src\\reference.js:1705:21)","metadata":{"emulator":{"name":"functions"},"function":{"name":"us-central1-api"},"extension":{},"message":"\u001b[90m> \u001b[39m     at Query.get (C:\\Web Projects\\daedalus\\functions\\node_modules\\@google-cloud\\firestore\\build\\src\\reference.js:1705:21)"}}
[info] >      at C:\Web Projects\daedalus\functions\routes\serviceTicketRoutes.js:93:8 {"user":"    at C:\\Web Projects\\daedalus\\functions\\routes\\serviceTicketRoutes.js:93:8","metadata":{"emulator":{"name":"functions"},"function":{"name":"us-central1-api"},"extension":{},"message":"\u001b[90m> \u001b[39m     at C:\\Web Projects\\daedalus\\functions\\routes\\serviceTicketRoutes.js:93:8"}}
[info] >      at Layer.handle [as handle_request] (C:\Web Projects\daedalus\functions\node_modules\express\lib\router\layer.js:95:5) {"user":"    at Layer.handle [as handle_request] (C:\\Web Projects\\daedalus\\functions\\node_modules\\express\\lib\\router\\layer.js:95:5)","metadata":{"emulator":{"name":"functions"},"function":{"name":"us-central1-api"},"extension":{},"message":"\u001b[90m> \u001b[39m     at Layer.handle [as handle_request] (C:\\Web Projects\\daedalus\\functions\\node_modules\\express\\lib\\router\\layer.js:95:5)"}}
[info] >      at next (C:\Web Projects\daedalus\functions\node_modules\express\lib\router\route.js:144:13) {"user":"    at next (C:\\Web Projects\\daedalus\\functions\\node_modules\\express\\lib\\router\\route.js:144:13)","metadata":{"emulator":{"name":"functions"},"function":{"name":"us-central1-api"},"extension":{},"message":"\u001b[90m> \u001b[39m     at next (C:\\Web Projects\\daedalus\\functions\\node_modules\\express\\lib\\router\\route.js:144:13)"}}
[info] >      at Route.dispatch (C:\Web Projects\daedalus\functions\node_modules\express\lib\router\route.js:114:3) {"user":"    at Route.dispatch (C:\\Web Projects\\daedalus\\functions\\node_modules\\express\\lib\\router\\route.js:114:3)","metadata":{"emulator":{"name":"functions"},"function":{"name":"us-central1-api"},"extension":{},"message":"\u001b[90m> \u001b[39m     at Route.dispatch (C:\\Web Projects\\daedalus\\functions\\node_modules\\express\\lib\\router\\route.js:114:3)"}}
[info] >      at Layer.handle [as handle_request] (C:\Web Projects\daedalus\functions\node_modules\express\lib\router\layer.js:95:5) {"user":"    at Layer.handle [as handle_request] (C:\\Web Projects\\daedalus\\functions\\node_modules\\express\\lib\\router\\layer.js:95:5)","metadata":{"emulator":{"name":"functions"},"function":{"name":"us-central1-api"},"extension":{},"message":"\u001b[90m> \u001b[39m     at Layer.handle [as handle_request] (C:\\Web Projects\\daedalus\\functions\\node_modules\\express\\lib\\router\\layer.js:95:5)"}}
[info] >      at C:\Web Projects\daedalus\functions\node_modules\express\lib\router\index.js:284:15 {"user":"    at C:\\Web Projects\\daedalus\\functions\\node_modules\\express\\lib\\router\\index.js:284:15","metadata":{"emulator":{"name":"functions"},"function":{"name":"us-central1-api"},"extension":{},"message":"\u001b[90m> \u001b[39m     at C:\\Web Projects\\daedalus\\functions\\node_modules\\express\\lib\\router\\index.js:284:15"}}
[info] >      at Function.process_params (C:\Web Projects\daedalus\functions\node_modules\express\lib\router\index.js:346:12) {"user":"    at Function.process_params (C:\\Web Projects\\daedalus\\functions\\node_modules\\express\\lib\\router\\index.js:346:12)","metadata":{"emulator":{"name":"functions"},"function":{"name":"us-central1-api"},"extension":{},"message":"\u001b[90m> \u001b[39m     at Function.process_params (C:\\Web Projects\\daedalus\\functions\\node_modules\\express\\lib\\router\\index.js:346:12)"}}
[info] >      at next (C:\Web Projects\daedalus\functions\node_modules\express\lib\router\index.js:280:10) {"user":"    at next (C:\\Web Projects\\daedalus\\functions\\node_modules\\express\\lib\\router\\index.js:280:10)","metadata":{"emulator":{"name":"functions"},"function":{"name":"us-central1-api"},"extension":{},"message":"\u001b[90m> \u001b[39m     at next (C:\\Web Projects\\daedalus\\functions\\node_modules\\express\\lib\\router\\index.js:280:10)"}}
[info] >      at Function.handle (C:\Web Projects\daedalus\functions\node_modules\express\lib\router\index.js:175:3) {"user":"    at Function.handle (C:\\Web Projects\\daedalus\\functions\\node_modules\\express\\lib\\router\\index.js:175:3)","metadata":{"emulator":{"name":"functions"},"function":{"name":"us-central1-api"},"extension":{},"message":"\u001b[90m> \u001b[39m     at Function.handle (C:\\Web Projects\\daedalus\\functions\\node_modules\\express\\lib\\router\\index.js:175:3)"}}
[info] >      at router (C:\Web Projects\daedalus\functions\node_modules\express\lib\router\index.js:47:12) {"user":"    at router (C:\\Web Projects\\daedalus\\functions\\node_modules\\express\\lib\\router\\index.js:47:12)","metadata":{"emulator":{"name":"functions"},"function":{"name":"us-central1-api"},"extension":{},"message":"\u001b[90m> \u001b[39m     at router (C:\\Web Projects\\daedalus\\functions\\node_modules\\express\\lib\\router\\index.js:47:12)"}}
[info] >      at Layer.handle [as handle_request] (C:\Web Projects\daedalus\functions\node_modules\express\lib\router\layer.js:95:5) {"user":"    at Layer.handle [as handle_request] (C:\\Web Projects\\daedalus\\functions\\node_modules\\express\\lib\\router\\layer.js:95:5)","metadata":{"emulator":{"name":"functions"},"function":{"name":"us-central1-api"},"extension":{},"message":"\u001b[90m> \u001b[39m     at Layer.handle [as handle_request] (C:\\Web Projects\\daedalus\\functions\\node_modules\\express\\lib\\router\\layer.js:95:5)"}}
[info] >      at trim_prefix (C:\Web Projects\daedalus\functions\node_modules\express\lib\router\index.js:328:13) {"user":"    at trim_prefix (C:\\Web Projects\\daedalus\\functions\\node_modules\\express\\lib\\router\\index.js:328:13)","metadata":{"emulator":{"name":"functions"},"function":{"name":"us-central1-api"},"extension":{},"message":"\u001b[90m> \u001b[39m     at trim_prefix (C:\\Web Projects\\daedalus\\functions\\node_modules\\express\\lib\\router\\index.js:328:13)"}}
[info] >      at C:\Web Projects\daedalus\functions\node_modules\express\lib\router\index.js:286:9 {"user":"    at C:\\Web Projects\\daedalus\\functions\\node_modules\\express\\lib\\router\\index.js:286:9","metadata":{"emulator":{"name":"functions"},"function":{"name":"us-central1-api"},"extension":{},"message":"\u001b[90m> \u001b[39m     at C:\\Web Projects\\daedalus\\functions\\node_modules\\express\\lib\\router\\index.js:286:9"}}
[info] >      at Function.process_params (C:\Web Projects\daedalus\functions\node_modules\express\lib\router\index.js:346:12) { {"user":"    at Function.process_params (C:\\Web Projects\\daedalus\\functions\\node_modules\\express\\lib\\router\\index.js:346:12) {","metadata":{"emulator":{"name":"functions"},"function":{"name":"us-central1-api"},"extension":{},"message":"\u001b[90m> \u001b[39m     at Function.process_params (C:\\Web Projects\\daedalus\\functions\\node_modules\\express\\lib\\router\\index.js:346:12) {"}}
[info] >    code: 9, {"user":"  code: 9,","metadata":{"emulator":{"name":"functions"},"function":{"name":"us-central1-api"},"extension":{},"message":"\u001b[90m> \u001b[39m   code: 9,"}}
[info] >    details: 'The query requires an index. You can create it here: https://console.firebase.google.com/v1/r/project/daedalus-ae712/firestore/indexes?create_composite=ClVwcm9qZWN0cy9kYWVkYWx1cy1hZTcxMi9kYXRhYmFzZXMvKGRlZmF1bHQpL2NvbGxlY3Rpb25Hcm91cHMvc2VydmljZVRpY2tldHMvaW5kZXhlcy9fEAEaFgoSc2VydmljZVByb3ZpZGVyLmlkEAEaDQoJY3JlYXRlZEF0EAIaDAoIX19uYW1lX18QAg', {"user":"  details: 'The query requires an index. You can create it here: https://console.firebase.google.com/v1/r/project/daedalus-ae712/firestore/indexes?create_composite=ClVwcm9qZWN0cy9kYWVkYWx1cy1hZTcxMi9kYXRhYmFzZXMvKGRlZmF1bHQpL2NvbGxlY3Rpb25Hcm91cHMvc2VydmljZVRpY2tldHMvaW5kZXhlcy9fEAEaFgoSc2VydmljZVByb3ZpZGVyLmlkEAEaDQoJY3JlYXRlZEF0EAIaDAoIX19uYW1lX18QAg',","metadata":{"emulator":{"name":"functions"},"function":{"name":"us-central1-api"},"extension":{},"message":"\u001b[90m> \u001b[39m   details: 'The query requires an index. You can create it here: https://console.firebase.google.com/v1/r/project/daedalus-ae712/firestore/indexes?create_composite=ClVwcm9qZWN0cy9kYWVkYWx1cy1hZTcxMi9kYXRhYmFzZXMvKGRlZmF1bHQpL2NvbGxlY3Rpb25Hcm91cHMvc2VydmljZVRpY2tldHMvaW5kZXhlcy9fEAEaFgoSc2VydmljZVByb3ZpZGVyLmlkEAEaDQoJY3JlYXRlZEF0EAIaDAoIX19uYW1lX18QAg',"}}
[info] >    metadata: Metadata { internalRepr: Map(0) {}, options: {} } {"user":"  metadata: Metadata { internalRepr: Map(0) {}, options: {} }","metadata":{"emulator":{"name":"functions"},"function":{"name":"us-central1-api"},"extension":{},"message":"\u001b[90m> \u001b[39m   metadata: Metadata { internalRepr: Map(0) {}, options: {} }"}}
[info] >  } {"user":"}","metadata":{"emulator":{"name":"functions"},"function":{"name":"us-central1-api"},"extension":{},"message":"\u001b[90m> \u001b[39m }"}}
[info] i  functions: Finished "us-central1-api" in 122.0989ms {"metadata":{"emulator":{"name":"functions"},"function":{"name":"us-central1-api"},"extension":{},"message":"Finished \"us-central1-api\" in 122.0989ms"}}
[debug] [2023-10-11T18:47:35.857Z] [worker-us-central1-api-0ac586b9-68e5-40b3-a029-275d574064ea]: IDLE {"metadata":{"emulator":{"name":"functions"},"function":{"name":"us-central1-api"},"extension":{},"message":"[worker-us-central1-api-0ac586b9-68e5-40b3-a029-275d574064ea]: IDLE"}}
[debug] [2023-10-11T18:47:35.857Z] [work-queue] {"queuedWork":[],"queueLength":0,"runningWork":[],"workRunningCount":0}
